{"C:\\Users\\student\\Desktop\\vj10\\react-frontend-messages\\src\\App.js": {"path":"C:\\Users\\student\\Desktop\\vj10\\react-frontend-messages\\src\\App.js","statementMap":{"0":{"start":{"line":10,"column":12},"end":{"line":149,"column":3}},"1":{"start":{"line":11,"column":36},"end":{"line":11,"column":48}},"2":{"start":{"line":12,"column":37},"end":{"line":12,"column":51}},"3":{"start":{"line":13,"column":40},"end":{"line":13,"column":52}},"4":{"start":{"line":14,"column":32},"end":{"line":14,"column":44}},"5":{"start":{"line":15,"column":41},"end":{"line":15,"column":55}},"6":{"start":{"line":18,"column":4},"end":{"line":25,"column":11}},"7":{"start":{"line":19,"column":8},"end":{"line":19,"column":35}},"8":{"start":{"line":20,"column":8},"end":{"line":24,"column":15}},"9":{"start":{"line":22,"column":16},"end":{"line":22,"column":46}},"10":{"start":{"line":23,"column":16},"end":{"line":23,"column":45}},"11":{"start":{"line":28,"column":4},"end":{"line":35,"column":11}},"12":{"start":{"line":29,"column":29},"end":{"line":29,"column":79}},"13":{"start":{"line":30,"column":8},"end":{"line":34,"column":9}},"14":{"start":{"line":31,"column":32},"end":{"line":31,"column":56}},"15":{"start":{"line":32,"column":12},"end":{"line":32,"column":42}},"16":{"start":{"line":33,"column":12},"end":{"line":33,"column":57}},"17":{"start":{"line":39,"column":26},"end":{"line":39,"column":82}},"18":{"start":{"line":39,"column":65},"end":{"line":39,"column":81}},"19":{"start":{"line":42,"column":25},"end":{"line":49,"column":5}},"20":{"start":{"line":43,"column":8},"end":{"line":48,"column":11}},"21":{"start":{"line":46,"column":12},"end":{"line":46,"column":34}},"22":{"start":{"line":47,"column":12},"end":{"line":47,"column":56}},"23":{"start":{"line":52,"column":35},"end":{"line":68,"column":5}},"24":{"start":{"line":53,"column":23},"end":{"line":53,"column":52}},"25":{"start":{"line":53,"column":40},"end":{"line":53,"column":51}},"26":{"start":{"line":55,"column":27},"end":{"line":58,"column":9}},"27":{"start":{"line":60,"column":8},"end":{"line":67,"column":11}},"28":{"start":{"line":63,"column":12},"end":{"line":63,"column":34}},"29":{"start":{"line":64,"column":12},"end":{"line":66,"column":14}},"30":{"start":{"line":65,"column":32},"end":{"line":65,"column":63}},"31":{"start":{"line":70,"column":27},"end":{"line":76,"column":5}},"32":{"start":{"line":71,"column":8},"end":{"line":75,"column":11}},"33":{"start":{"line":72,"column":12},"end":{"line":72,"column":34}},"34":{"start":{"line":74,"column":12},"end":{"line":74,"column":59}},"35":{"start":{"line":74,"column":45},"end":{"line":74,"column":56}},"36":{"start":{"line":78,"column":22},"end":{"line":94,"column":5}},"37":{"start":{"line":79,"column":8},"end":{"line":79,"column":27}},"38":{"start":{"line":81,"column":8},"end":{"line":93,"column":9}},"39":{"start":{"line":82,"column":28},"end":{"line":82,"column":73}},"40":{"start":{"line":84,"column":12},"end":{"line":84,"column":88}},"41":{"start":{"line":85,"column":12},"end":{"line":85,"column":53}},"42":{"start":{"line":86,"column":12},"end":{"line":86,"column":38}},"43":{"start":{"line":87,"column":12},"end":{"line":87,"column":32}},"44":{"start":{"line":88,"column":12},"end":{"line":88,"column":28}},"45":{"start":{"line":91,"column":12},"end":{"line":91,"column":39}},"46":{"start":{"line":92,"column":12},"end":{"line":92,"column":36}},"47":{"start":{"line":96,"column":23},"end":{"line":109,"column":5}},"48":{"start":{"line":97,"column":8},"end":{"line":108,"column":10}},"49":{"start":{"line":104,"column":55},"end":{"line":104,"column":84}},"50":{"start":{"line":105,"column":57},"end":{"line":105,"column":82}},"51":{"start":{"line":111,"column":24},"end":{"line":115,"column":5}},"52":{"start":{"line":112,"column":8},"end":{"line":114,"column":21}},"53":{"start":{"line":117,"column":4},"end":{"line":148,"column":5}},"54":{"start":{"line":132,"column":36},"end":{"line":132,"column":59}},"55":{"start":{"line":140,"column":11},"end":{"line":144,"column":59}},"56":{"start":{"line":143,"column":40},"end":{"line":143,"column":68}},"57":{"start":{"line":144,"column":35},"end":{"line":144,"column":55}}},"fnMap":{"0":{"name":"(anonymous_0)","decl":{"start":{"line":10,"column":12},"end":{"line":10,"column":13}},"loc":{"start":{"line":10,"column":23},"end":{"line":149,"column":3}},"line":10},"1":{"name":"(anonymous_1)","decl":{"start":{"line":18,"column":14},"end":{"line":18,"column":15}},"loc":{"start":{"line":18,"column":20},"end":{"line":25,"column":5}},"line":18},"2":{"name":"(anonymous_2)","decl":{"start":{"line":20,"column":39},"end":{"line":20,"column":40}},"loc":{"start":{"line":21,"column":12},"end":{"line":24,"column":13}},"line":21},"3":{"name":"(anonymous_3)","decl":{"start":{"line":28,"column":14},"end":{"line":28,"column":15}},"loc":{"start":{"line":28,"column":20},"end":{"line":35,"column":5}},"line":28},"4":{"name":"(anonymous_4)","decl":{"start":{"line":39,"column":60},"end":{"line":39,"column":61}},"loc":{"start":{"line":39,"column":65},"end":{"line":39,"column":81}},"line":39},"5":{"name":"(anonymous_5)","decl":{"start":{"line":42,"column":25},"end":{"line":42,"column":26}},"loc":{"start":{"line":42,"column":41},"end":{"line":49,"column":5}},"line":42},"6":{"name":"(anonymous_6)","decl":{"start":{"line":45,"column":14},"end":{"line":45,"column":15}},"loc":{"start":{"line":45,"column":28},"end":{"line":48,"column":9}},"line":45},"7":{"name":"(anonymous_7)","decl":{"start":{"line":52,"column":35},"end":{"line":52,"column":36}},"loc":{"start":{"line":52,"column":43},"end":{"line":68,"column":5}},"line":52},"8":{"name":"(anonymous_8)","decl":{"start":{"line":53,"column":35},"end":{"line":53,"column":36}},"loc":{"start":{"line":53,"column":40},"end":{"line":53,"column":51}},"line":53},"9":{"name":"(anonymous_9)","decl":{"start":{"line":62,"column":14},"end":{"line":62,"column":15}},"loc":{"start":{"line":62,"column":28},"end":{"line":67,"column":9}},"line":62},"10":{"name":"(anonymous_10)","decl":{"start":{"line":65,"column":27},"end":{"line":65,"column":28}},"loc":{"start":{"line":65,"column":32},"end":{"line":65,"column":63}},"line":65},"11":{"name":"(anonymous_11)","decl":{"start":{"line":70,"column":27},"end":{"line":70,"column":28}},"loc":{"start":{"line":70,"column":35},"end":{"line":76,"column":5}},"line":70},"12":{"name":"(anonymous_12)","decl":{"start":{"line":71,"column":36},"end":{"line":71,"column":37}},"loc":{"start":{"line":71,"column":50},"end":{"line":75,"column":9}},"line":71},"13":{"name":"(anonymous_13)","decl":{"start":{"line":74,"column":40},"end":{"line":74,"column":41}},"loc":{"start":{"line":74,"column":45},"end":{"line":74,"column":56}},"line":74},"14":{"name":"(anonymous_14)","decl":{"start":{"line":78,"column":22},"end":{"line":78,"column":23}},"loc":{"start":{"line":78,"column":35},"end":{"line":94,"column":5}},"line":78},"15":{"name":"(anonymous_15)","decl":{"start":{"line":96,"column":23},"end":{"line":96,"column":24}},"loc":{"start":{"line":96,"column":29},"end":{"line":109,"column":5}},"line":96},"16":{"name":"(anonymous_16)","decl":{"start":{"line":104,"column":39},"end":{"line":104,"column":40}},"loc":{"start":{"line":104,"column":55},"end":{"line":104,"column":84}},"line":104},"17":{"name":"(anonymous_17)","decl":{"start":{"line":105,"column":41},"end":{"line":105,"column":42}},"loc":{"start":{"line":105,"column":57},"end":{"line":105,"column":82}},"line":105},"18":{"name":"(anonymous_18)","decl":{"start":{"line":111,"column":24},"end":{"line":111,"column":25}},"loc":{"start":{"line":112,"column":8},"end":{"line":114,"column":21}},"line":112},"19":{"name":"(anonymous_19)","decl":{"start":{"line":132,"column":30},"end":{"line":132,"column":31}},"loc":{"start":{"line":132,"column":36},"end":{"line":132,"column":59}},"line":132},"20":{"name":"(anonymous_20)","decl":{"start":{"line":139,"column":29},"end":{"line":139,"column":30}},"loc":{"start":{"line":140,"column":11},"end":{"line":144,"column":59}},"line":140},"21":{"name":"(anonymous_21)","decl":{"start":{"line":143,"column":34},"end":{"line":143,"column":35}},"loc":{"start":{"line":143,"column":40},"end":{"line":143,"column":68}},"line":143},"22":{"name":"(anonymous_22)","decl":{"start":{"line":144,"column":29},"end":{"line":144,"column":30}},"loc":{"start":{"line":144,"column":35},"end":{"line":144,"column":55}},"line":144}},"branchMap":{"0":{"loc":{"start":{"line":30,"column":8},"end":{"line":34,"column":9}},"type":"if","locations":[{"start":{"line":30,"column":8},"end":{"line":34,"column":9}},{"start":{"line":30,"column":8},"end":{"line":34,"column":9}}],"line":30},"1":{"loc":{"start":{"line":39,"column":26},"end":{"line":39,"column":82}},"type":"cond-expr","locations":[{"start":{"line":39,"column":37},"end":{"line":39,"column":43}},{"start":{"line":39,"column":46},"end":{"line":39,"column":82}}],"line":39},"2":{"loc":{"start":{"line":65,"column":32},"end":{"line":65,"column":63}},"type":"cond-expr","locations":[{"start":{"line":65,"column":46},"end":{"line":65,"column":47}},{"start":{"line":65,"column":50},"end":{"line":65,"column":63}}],"line":65},"3":{"loc":{"start":{"line":125,"column":10},"end":{"line":129,"column":18}},"type":"cond-expr","locations":[{"start":{"line":125,"column":30},"end":{"line":125,"column":42}},{"start":{"line":126,"column":12},"end":{"line":129,"column":18}}],"line":125},"4":{"loc":{"start":{"line":133,"column":25},"end":{"line":133,"column":56}},"type":"cond-expr","locations":[{"start":{"line":133,"column":36},"end":{"line":133,"column":48}},{"start":{"line":133,"column":51},"end":{"line":133,"column":56}}],"line":133}},"s":{"0":0,"1":0,"2":0,"3":0,"4":0,"5":0,"6":0,"7":0,"8":0,"9":0,"10":0,"11":0,"12":0,"13":0,"14":0,"15":0,"16":0,"17":0,"18":0,"19":0,"20":0,"21":0,"22":0,"23":0,"24":0,"25":0,"26":0,"27":0,"28":0,"29":0,"30":0,"31":0,"32":0,"33":0,"34":0,"35":0,"36":0,"37":0,"38":0,"39":0,"40":0,"41":0,"42":0,"43":0,"44":0,"45":0,"46":0,"47":0,"48":0,"49":0,"50":0,"51":0,"52":0,"53":0,"54":0,"55":0,"56":0,"57":0},"f":{"0":0,"1":0,"2":0,"3":0,"4":0,"5":0,"6":0,"7":0,"8":0,"9":0,"10":0,"11":0,"12":0,"13":0,"14":0,"15":0,"16":0,"17":0,"18":0,"19":0,"20":0,"21":0,"22":0},"b":{"0":[0,0],"1":[0,0],"2":[0,0],"3":[0,0],"4":[0,0]},"hash":"bfbc3a41875fa1ed9fa96797981513f2d5d370fe"}
,"C:\\Users\\student\\Desktop\\vj10\\react-frontend-messages\\src\\index.js": {"path":"C:\\Users\\student\\Desktop\\vj10\\react-frontend-messages\\src\\index.js","statementMap":{"0":{"start":{"line":17,"column":0},"end":{"line":17,"column":57}}},"fnMap":{},"branchMap":{},"s":{"0":0},"f":{},"b":{},"hash":"24918b8cd53cc32e9f4f9b7baa44d098b20fdae6"}
,"C:\\Users\\student\\Desktop\\vj10\\react-frontend-messages\\src\\components\\LoginForma.js": {"path":"C:\\Users\\student\\Desktop\\vj10\\react-frontend-messages\\src\\components\\LoginForma.js","statementMap":{"0":{"start":{"line":4,"column":19},"end":{"line":21,"column":1}},"1":{"start":{"line":5,"column":4},"end":{"line":20,"column":15}}},"fnMap":{"0":{"name":"(anonymous_0)","decl":{"start":{"line":4,"column":19},"end":{"line":4,"column":20}},"loc":{"start":{"line":5,"column":4},"end":{"line":20,"column":15}},"line":5}},"branchMap":{},"s":{"0":0,"1":0},"f":{"0":0},"b":{},"hash":"62226722f99bd821a3939666a3167bb665f90ebb"}
,"C:\\Users\\student\\Desktop\\vj10\\react-frontend-messages\\src\\components\\Poruka.js": {"path":"C:\\Users\\student\\Desktop\\vj10\\react-frontend-messages\\src\\components\\Poruka.js","statementMap":{"0":{"start":{"line":3,"column":15},"end":{"line":12,"column":3}},"1":{"start":{"line":4,"column":19},"end":{"line":4,"column":75}},"2":{"start":{"line":5,"column":4},"end":{"line":11,"column":6}}},"fnMap":{"0":{"name":"(anonymous_0)","decl":{"start":{"line":3,"column":15},"end":{"line":3,"column":16}},"loc":{"start":{"line":3,"column":60},"end":{"line":12,"column":3}},"line":3}},"branchMap":{"0":{"loc":{"start":{"line":4,"column":19},"end":{"line":4,"column":75}},"type":"cond-expr","locations":[{"start":{"line":4,"column":34},"end":{"line":4,"column":54}},{"start":{"line":4,"column":57},"end":{"line":4,"column":75}}],"line":4}},"s":{"0":1,"1":2,"2":2},"f":{"0":2},"b":{"0":[2,0]},"_coverageSchema":"43e27e138ebf9cfc5966b082cf9a028302ed4184","hash":"c458168c6b253f6823b8d2adb6d327daa1df4aad"}
,"C:\\Users\\student\\Desktop\\vj10\\react-frontend-messages\\src\\components\\PorukaForma.js": {"path":"C:\\Users\\student\\Desktop\\vj10\\react-frontend-messages\\src\\components\\PorukaForma.js","statementMap":{"0":{"start":{"line":2,"column":20},"end":{"line":29,"column":1}},"1":{"start":{"line":3,"column":38},"end":{"line":3,"column":65}},"2":{"start":{"line":4,"column":26},"end":{"line":6,"column":5}},"3":{"start":{"line":5,"column":8},"end":{"line":5,"column":36}},"4":{"start":{"line":8,"column":23},"end":{"line":18,"column":5}},"5":{"start":{"line":9,"column":8},"end":{"line":9,"column":27}},"6":{"start":{"line":11,"column":8},"end":{"line":15,"column":11}},"7":{"start":{"line":17,"column":8},"end":{"line":17,"column":24}},"8":{"start":{"line":20,"column":4},"end":{"line":28,"column":6}}},"fnMap":{"0":{"name":"(anonymous_0)","decl":{"start":{"line":2,"column":20},"end":{"line":2,"column":21}},"loc":{"start":{"line":2,"column":31},"end":{"line":29,"column":1}},"line":2},"1":{"name":"(anonymous_1)","decl":{"start":{"line":4,"column":26},"end":{"line":4,"column":27}},"loc":{"start":{"line":4,"column":33},"end":{"line":6,"column":5}},"line":4},"2":{"name":"(anonymous_2)","decl":{"start":{"line":8,"column":23},"end":{"line":8,"column":24}},"loc":{"start":{"line":8,"column":30},"end":{"line":18,"column":5}},"line":8}},"branchMap":{},"s":{"0":1,"1":3,"2":3,"3":1,"4":3,"5":1,"6":1,"7":1,"8":3},"f":{"0":3,"1":1,"2":1},"b":{},"_coverageSchema":"43e27e138ebf9cfc5966b082cf9a028302ed4184","hash":"ff34a91c4a52df854d051ed08105820b3a5774f5"}
,"C:\\Users\\student\\Desktop\\vj10\\react-frontend-messages\\src\\components\\Promjenjiv.js": {"path":"C:\\Users\\student\\Desktop\\vj10\\react-frontend-messages\\src\\components\\Promjenjiv.js","statementMap":{"0":{"start":{"line":4,"column":19},"end":{"line":26,"column":1}},"1":{"start":{"line":5,"column":40},"end":{"line":5,"column":55}},"2":{"start":{"line":7,"column":19},"end":{"line":7,"column":54}},"3":{"start":{"line":8,"column":20},"end":{"line":8,"column":55}},"4":{"start":{"line":10,"column":32},"end":{"line":12,"column":5}},"5":{"start":{"line":11,"column":8},"end":{"line":11,"column":35}},"6":{"start":{"line":14,"column":4},"end":{"line":25,"column":6}}},"fnMap":{"0":{"name":"(anonymous_0)","decl":{"start":{"line":4,"column":19},"end":{"line":4,"column":20}},"loc":{"start":{"line":4,"column":30},"end":{"line":26,"column":1}},"line":4},"1":{"name":"(anonymous_1)","decl":{"start":{"line":10,"column":32},"end":{"line":10,"column":33}},"loc":{"start":{"line":10,"column":38},"end":{"line":12,"column":5}},"line":10}},"branchMap":{"0":{"loc":{"start":{"line":7,"column":30},"end":{"line":7,"column":52}},"type":"cond-expr","locations":[{"start":{"line":7,"column":41},"end":{"line":7,"column":47}},{"start":{"line":7,"column":50},"end":{"line":7,"column":52}}],"line":7},"1":{"loc":{"start":{"line":8,"column":31},"end":{"line":8,"column":53}},"type":"cond-expr","locations":[{"start":{"line":8,"column":42},"end":{"line":8,"column":44}},{"start":{"line":8,"column":47},"end":{"line":8,"column":53}}],"line":8}},"s":{"0":1,"1":10,"2":10,"3":10,"4":10,"5":5,"6":10},"f":{"0":10,"1":5},"b":{"0":[3,7],"1":[3,7]},"_coverageSchema":"43e27e138ebf9cfc5966b082cf9a028302ed4184","hash":"dd2465eba2248d39f1b48e205d692a425d1e1f2c"}
,"C:\\Users\\student\\Desktop\\vj10\\react-frontend-messages\\src\\services\\login.js": {"path":"C:\\Users\\student\\Desktop\\vj10\\react-frontend-messages\\src\\services\\login.js","statementMap":{"0":{"start":{"line":2,"column":19},"end":{"line":2,"column":31}},"1":{"start":{"line":4,"column":16},"end":{"line":7,"column":1}},"2":{"start":{"line":5,"column":20},"end":{"line":5,"column":56}},"3":{"start":{"line":6,"column":4},"end":{"line":6,"column":24}}},"fnMap":{"0":{"name":"(anonymous_0)","decl":{"start":{"line":4,"column":16},"end":{"line":4,"column":17}},"loc":{"start":{"line":4,"column":32},"end":{"line":7,"column":1}},"line":4}},"branchMap":{},"s":{"0":0,"1":0,"2":0,"3":0},"f":{"0":0},"b":{},"hash":"6106318fbcf59cf8e81fbdb0881530111c6cdcc8"}
,"C:\\Users\\student\\Desktop\\vj10\\react-frontend-messages\\src\\services\\poruke.js": {"path":"C:\\Users\\student\\Desktop\\vj10\\react-frontend-messages\\src\\services\\poruke.js","statementMap":{"0":{"start":{"line":5,"column":19},"end":{"line":5,"column":32}},"1":{"start":{"line":8,"column":12},"end":{"line":8,"column":16}},"2":{"start":{"line":10,"column":21},"end":{"line":13,"column":1}},"3":{"start":{"line":12,"column":4},"end":{"line":12,"column":34}},"4":{"start":{"line":15,"column":19},"end":{"line":17,"column":1}},"5":{"start":{"line":16,"column":4},"end":{"line":16,"column":33}},"6":{"start":{"line":19,"column":15},"end":{"line":25,"column":1}},"7":{"start":{"line":21,"column":19},"end":{"line":21,"column":54}},"8":{"start":{"line":23,"column":20},"end":{"line":23,"column":68}},"9":{"start":{"line":24,"column":4},"end":{"line":24,"column":19}},"10":{"start":{"line":27,"column":16},"end":{"line":29,"column":1}},"11":{"start":{"line":28,"column":4},"end":{"line":28,"column":56}},"12":{"start":{"line":31,"column":14},"end":{"line":33,"column":1}},"13":{"start":{"line":32,"column":4},"end":{"line":32,"column":47}}},"fnMap":{"0":{"name":"(anonymous_0)","decl":{"start":{"line":10,"column":21},"end":{"line":10,"column":22}},"loc":{"start":{"line":10,"column":34},"end":{"line":13,"column":1}},"line":10},"1":{"name":"(anonymous_1)","decl":{"start":{"line":15,"column":19},"end":{"line":15,"column":20}},"loc":{"start":{"line":15,"column":25},"end":{"line":17,"column":1}},"line":15},"2":{"name":"(anonymous_2)","decl":{"start":{"line":19,"column":15},"end":{"line":19,"column":16}},"loc":{"start":{"line":19,"column":35},"end":{"line":25,"column":1}},"line":19},"3":{"name":"(anonymous_3)","decl":{"start":{"line":27,"column":16},"end":{"line":27,"column":17}},"loc":{"start":{"line":27,"column":36},"end":{"line":29,"column":1}},"line":27},"4":{"name":"(anonymous_4)","decl":{"start":{"line":31,"column":14},"end":{"line":31,"column":15}},"loc":{"start":{"line":31,"column":20},"end":{"line":33,"column":1}},"line":31}},"branchMap":{},"s":{"0":0,"1":0,"2":0,"3":0,"4":0,"5":0,"6":0,"7":0,"8":0,"9":0,"10":0,"11":0,"12":0,"13":0},"f":{"0":0,"1":0,"2":0,"3":0,"4":0},"b":{},"hash":"8d0470495cd5617279a3fd1ab616686dcbd28803"}
}
